Arguments: 
  C:\Program Files\nodejs\node.exe C:\Program Files (x86)\Yarn\bin\yarn.js add glMatrix

PATH: 
  C:\Windows\system32;C:\Windows;C:\Windows\System32\Wbem;C:\Windows\System32\WindowsPowerShell\v1.0\;C:\Program Files (x86)\NVIDIA Corporation\PhysX\Common;C:\Program Files\Git\cmd;C:\Program Files\MiKTeX 2.9\miktex\bin\x64\;C:\WINDOWS\system32;C:\WINDOWS;C:\WINDOWS\System32\Wbem;C:\WINDOWS\System32\WindowsPowerShell\v1.0\;C:\Program Files (x86)\Yarn\bin\;C:\Program Files\nodejs\;C:\Program Files\Calibre2\;C:\Users\david\.cargo\bin;C:\Users\david\AppData\Local\Microsoft\WindowsApps;C:\Program Files (x86)\Microsoft VS Code\bin;C:\Users\david\AppData\Local\Programs\Python\Python36\Scripts;C:\Users\david\AppData\Local\Programs\Python\Python36;C:\Users\david\AppData\Local\Julia-0.6.2\bin;C:\Program Files\Heroku\bin;C:\Users\david\AppData\Local\Yarn\bin;C:\Users\david\AppData\Roaming\npm;C:\Program Files\PostgreSQL\10\bin;

Yarn version: 
  1.5.1

Node version: 
  9.11.1

Platform: 
  win32 x64

npm manifest: 
  No manifest

yarn manifest: 
  No manifest

Lockfile: 
  No lockfile

Trace: 
  Error: Couldn't find package "glMatrix" on the "npm" registry.
      at new MessageError (C:\Program Files (x86)\Yarn\lib\cli.js:186:110)
      at NpmResolver.<anonymous> (C:\Program Files (x86)\Yarn\lib\cli.js:51625:15)
      at Generator.next (<anonymous>)
      at step (C:\Program Files (x86)\Yarn\lib\cli.js:98:30)
      at C:\Program Files (x86)\Yarn\lib\cli.js:109:13
      at <anonymous>
      at process._tickCallback (internal/process/next_tick.js:182:7)
